# JRE version: OpenJDK Runtime Environment Temurin-21.0.7+6 (21.0.7+6) (build 21.0.7+6-LTS)
# Java VM: OpenJDK 64-Bit Server VM Temurin-21.0.7+6 (21.0.7+6-LTS, mixed mode, sharing, tiered, compressed oops, compressed class ptrs, g1 gc, windows-amd64)
GC Precious Log:
 CardTable entry size: 512
 Card Set container configuration: InlinePtr #cards 4 size 8 Array Of Cards #cards 16 size 48 Howl #buckets 8 coarsen threshold 3686 Howl Bitmap #cards 512 size 80 coarsen threshold 460 Card regions per heap region 1 cards per card region 4096
 CPUs: 4 total, 4 available
 Memory: 12152M
 Large Page Support: Disabled
 NUMA Support: Disabled
 Compressed Oops: Enabled (Zero based)
 Heap Region Size: 2M
 Heap Min Capacity: 8M
 Heap Initial Capacity: 190M
 Heap Max Capacity: 3040M
 Pre-touch: Disabled
 Parallel Workers: 4
 Concurrent Workers: 1
 Concurrent Refinement Workers: 4
 Periodic GC: Disabled
Heap:
 garbage-first heap   total 69632K, used 56027K [0x0000000742000000, 0x0000000800000000)
  region size 2048K, 11 young (22528K), 1 survivors (2048K)
 Metaspace       used 63185K, committed 64512K, reserved 1114112K
  class space    used 8067K, committed 8640K, reserved 1048576K
GC Heap History (20 events):
Event: 19.544 GC heap before
{Heap before GC invocations=14 (full 0):
 garbage-first heap   total 69632K, used 55451K [0x0000000742000000, 0x0000000800000000)
  region size 2048K, 15 young (30720K), 2 survivors (4096K)
 Metaspace       used 50682K, committed 51456K, reserved 1114112K
  class space    used 6662K, committed 7040K, reserved 1048576K
}
Event: 19.553 GC heap after
{Heap after GC invocations=15 (full 0):
 garbage-first heap   total 69632K, used 34187K [0x0000000742000000, 0x0000000800000000)
  region size 2048K, 2 young (4096K), 2 survivors (4096K)
 Metaspace       used 50682K, committed 51456K, reserved 1114112K
  class space    used 6662K, committed 7040K, reserved 1048576K
}
Event: 21.005 GC heap before
{Heap before GC invocations=15 (full 0):
 garbage-first heap   total 69632K, used 58763K [0x0000000742000000, 0x0000000800000000)
  region size 2048K, 14 young (28672K), 2 survivors (4096K)
 Metaspace       used 55448K, committed 56320K, reserved 1114112K
  class space    used 7322K, committed 7744K, reserved 1048576K
}
Event: 21.017 GC heap after
{Heap after GC invocations=16 (full 0):
 garbage-first heap   total 69632K, used 36334K [0x0000000742000000, 0x0000000800000000)
  region size 2048K, 2 young (4096K), 2 survivors (4096K)
 Metaspace       used 55448K, committed 56320K, reserved 1114112K
  class space    used 7322K, committed 7744K, reserved 1048576K
}
Event: 43.086 GC heap before
{Heap before GC invocations=16 (full 0):
 garbage-first heap   total 69632K, used 52718K [0x0000000742000000, 0x0000000800000000)
  region size 2048K, 11 young (22528K), 2 survivors (4096K)
 Metaspace       used 59595K, committed 60480K, reserved 1114112K
  class space    used 7888K, committed 8320K, reserved 1048576K
}
Event: 43.096 GC heap after
{Heap after GC invocations=17 (full 0):
 garbage-first heap   total 69632K, used 37877K [0x0000000742000000, 0x0000000800000000)
  region size 2048K, 1 young (2048K), 1 survivors (2048K)
 Metaspace       used 59595K, committed 60480K, reserved 1114112K
  class space    used 7888K, committed 8320K, reserved 1048576K
}
Event: 711.441 GC heap before
{Heap before GC invocations=18 (full 0):
 garbage-first heap   total 69632K, used 60405K [0x0000000742000000, 0x0000000800000000)
  region size 2048K, 12 young (24576K), 1 survivors (2048K)
 Metaspace       used 62231K, committed 63168K, reserved 1114112K
  class space    used 8201K, committed 8640K, reserved 1048576K
}
Event: 711.461 GC heap after
{Heap after GC invocations=19 (full 0):
 garbage-first heap   total 69632K, used 38458K [0x0000000742000000, 0x0000000800000000)
  region size 2048K, 2 young (4096K), 2 survivors (4096K)
 Metaspace       used 62231K, committed 63168K, reserved 1114112K
  class space    used 8201K, committed 8640K, reserved 1048576K
}
Event: 1495.714 GC heap before
{Heap before GC invocations=19 (full 0):
 garbage-first heap   total 69632K, used 56890K [0x0000000742000000, 0x0000000800000000)
  region size 2048K, 11 young (22528K), 2 survivors (4096K)
 Metaspace       used 62615K, committed 63552K, reserved 1114112K
  class space    used 8202K, committed 8640K, reserved 1048576K
}
Event: 1495.721 GC heap after
{Heap after GC invocations=20 (full 0):
 garbage-first heap   total 69632K, used 37974K [0x0000000742000000, 0x0000000800000000)
  region size 2048K, 1 young (2048K), 1 survivors (2048K)
 Metaspace       used 62615K, committed 63552K, reserved 1114112K
  class space    used 8202K, committed 8640K, reserved 1048576K
}
Event: 2728.410 GC heap before
{Heap before GC invocations=20 (full 0):
 garbage-first heap   total 69632K, used 60502K [0x0000000742000000, 0x0000000800000000)
  region size 2048K, 12 young (24576K), 1 survivors (2048K)
 Metaspace       used 62980K, committed 63872K, reserved 1114112K
  class space    used 8210K, committed 8640K, reserved 1048576K
}
Event: 2728.414 GC heap after
{Heap after GC invocations=21 (full 0):
 garbage-first heap   total 69632K, used 38139K [0x0000000742000000, 0x0000000800000000)
  region size 2048K, 1 young (2048K), 1 survivors (2048K)
 Metaspace       used 62980K, committed 63872K, reserved 1114112K
  class space    used 8210K, committed 8640K, reserved 1048576K
}
Event: 3708.183 GC heap before
{Heap before GC invocations=22 (full 0):
 garbage-first heap   total 69632K, used 60667K [0x0000000742000000, 0x0000000800000000)
  region size 2048K, 12 young (24576K), 1 survivors (2048K)
 Metaspace       used 63198K, committed 64128K, reserved 1114112K
  class space    used 8210K, committed 8640K, reserved 1048576K
}
Event: 3708.186 GC heap after
{Heap after GC invocations=23 (full 0):
 garbage-first heap   total 69632K, used 37965K [0x0000000742000000, 0x0000000800000000)
  region size 2048K, 1 young (2048K), 1 survivors (2048K)
 Metaspace       used 63198K, committed 64128K, reserved 1114112K
  class space    used 8210K, committed 8640K, reserved 1048576K
}
Event: 4735.329 GC heap before
{Heap before GC invocations=23 (full 0):
 garbage-first heap   total 69632K, used 60493K [0x0000000742000000, 0x0000000800000000)
  region size 2048K, 12 young (24576K), 1 survivors (2048K)
 Metaspace       used 63427K, committed 64320K, reserved 1114112K
  class space    used 8211K, committed 8640K, reserved 1048576K
}
Event: 4735.343 GC heap after
{Heap after GC invocations=24 (full 0):
 garbage-first heap   total 69632K, used 37215K [0x0000000742000000, 0x0000000800000000)
  region size 2048K, 1 young (2048K), 1 survivors (2048K)
 Metaspace       used 63427K, committed 64320K, reserved 1114112K
  class space    used 8211K, committed 8640K, reserved 1048576K
}
Event: 5720.378 GC heap before
{Heap before GC invocations=24 (full 0):
 garbage-first heap   total 69632K, used 59743K [0x0000000742000000, 0x0000000800000000)
  region size 2048K, 12 young (24576K), 1 survivors (2048K)
 Metaspace       used 63510K, committed 64448K, reserved 1114112K
  class space    used 8212K, committed 8640K, reserved 1048576K
}
Event: 5720.384 GC heap after
{Heap after GC invocations=25 (full 0):
 garbage-first heap   total 69632K, used 37452K [0x0000000742000000, 0x0000000800000000)
  region size 2048K, 1 young (2048K), 1 survivors (2048K)
 Metaspace       used 63510K, committed 64448K, reserved 1114112K
  class space    used 8212K, committed 8640K, reserved 1048576K
}
Event: 6747.899 GC heap before
{Heap before GC invocations=26 (full 0):
 garbage-first heap   total 69632K, used 59980K [0x0000000742000000, 0x0000000800000000)
  region size 2048K, 12 young (24576K), 1 survivors (2048K)
 Metaspace       used 63127K, committed 64512K, reserved 1114112K
  class space    used 8067K, committed 8640K, reserved 1048576K
}
Event: 6747.917 GC heap after
{Heap after GC invocations=27 (full 0):
 garbage-first heap   total 69632K, used 37595K [0x0000000742000000, 0x0000000800000000)
  region size 2048K, 1 young (2048K), 1 survivors (2048K)
 Metaspace       used 63127K, committed 64512K, reserved 1114112K
  class space    used 8067K, committed 8640K, reserved 1048576K
}

